[2023-09-06 07:49:03] merlin-logger.DEBUG: The welcome step has been displayed [] []
[2023-09-06 07:49:07] merlin-logger.DEBUG: The license activation step has been displayed [] []
[2023-09-06 07:49:07] merlin-logger.DEBUG: The plugin installation step has been displayed [] []
[2023-09-06 07:52:06] merlin-logger.DEBUG: The welcome step has been displayed [] []
[2023-09-06 07:52:10] merlin-logger.DEBUG: The license activation step has been displayed [] []
[2023-09-06 07:52:10] merlin-logger.DEBUG: The plugin installation step has been displayed [] []
[2023-09-06 07:52:15] merlin-logger.DEBUG: A plugin with the following data will be processed {"plugin_slug":"hub-core","message":"Installing"} []
[2023-09-06 07:52:23] merlin-logger.DEBUG: A plugin with the following data will be processed {"plugin_slug":"hub-core","message":"Activating"} []
[2023-09-06 07:52:26] merlin-logger.DEBUG: A plugin with the following data was processed {"plugin_slug":"hub-core"} []
[2023-09-06 07:52:26] merlin-logger.DEBUG: A plugin with the following data will be processed {"plugin_slug":"hub-portfolio","message":"Installing"} []
[2023-09-06 07:52:31] merlin-logger.DEBUG: A plugin with the following data will be processed {"plugin_slug":"hub-portfolio","message":"Activating"} []
[2023-09-06 07:52:32] merlin-logger.DEBUG: A plugin with the following data was processed {"plugin_slug":"hub-portfolio"} []
[2023-09-06 07:52:34] merlin-logger.DEBUG: A plugin with the following data will be processed {"plugin_slug":"elementor","message":"Installing"} []
[2023-09-06 07:52:44] merlin-logger.DEBUG: A plugin with the following data will be processed {"plugin_slug":"elementor","message":"Activating"} []
[2023-09-06 07:52:48] merlin-logger.DEBUG: A plugin with the following data was processed {"plugin_slug":"elementor"} []
[2023-09-06 07:52:48] merlin-logger.DEBUG: A plugin with the following data will be processed {"plugin_slug":"hub-elementor-addons","message":"Installing"} []
[2023-09-06 07:52:56] merlin-logger.DEBUG: A plugin with the following data will be processed {"plugin_slug":"hub-elementor-addons","message":"Activating"} []
[2023-09-06 07:52:58] merlin-logger.DEBUG: A plugin with the following data was processed {"plugin_slug":"hub-elementor-addons"} []
[2023-09-06 07:53:01] merlin-logger.DEBUG: A plugin with the following data will be processed {"plugin_slug":"contact-form-7","message":"Installing"} []
[2023-09-06 07:53:07] merlin-logger.DEBUG: A plugin with the following data will be processed {"plugin_slug":"contact-form-7","message":"Activating"} []
[2023-09-06 07:53:10] merlin-logger.DEBUG: A plugin with the following data was processed {"plugin_slug":"contact-form-7"} []
[2023-09-06 07:53:11] merlin-logger.DEBUG: A plugin with the following data will be processed {"plugin_slug":"wp-bottom-menu","message":"Installing"} []
[2023-09-06 07:53:18] merlin-logger.DEBUG: A plugin with the following data will be processed {"plugin_slug":"wp-bottom-menu","message":"Activating"} []
[2023-09-06 07:53:22] merlin-logger.DEBUG: A plugin with the following data was processed {"plugin_slug":"wp-bottom-menu"} []
[2023-09-06 07:53:29] merlin-logger.DEBUG: The content import step has been displayed [] []
[2023-09-06 08:03:54] merlin-logger.DEBUG: The Hello world post status was set to draft [] []
[2023-09-06 08:04:12] merlin-logger.DEBUG: The Hello world post status was set to draft [] []
[2023-09-06 08:04:47] merlin-logger.DEBUG: The final step has been displayed [] []
